[21:28:25] [main/INFO]: Setting user: blackoutBarista
[21:28:32] [Client thread/INFO]: LWJGL Version: 2.9.4
[21:29:48] [Client thread/INFO]: Reloading ResourceManager: Default, FMLFileResourcePack:Forge Mod Loader, FMLFileResourcePack:Minecraft Forge, FMLFileResourcePack:Not Enough Items, FMLFileResourcePack:Actually Additions, FMLFileResourcePack:Additional Pipes, FMLFileResourcePack:AgriCraft, FMLFileResourcePack:Aroma1997Core|Helper, FMLFileResourcePack:Aroma1997's Dimensional World, FMLFileResourcePack:BD Lib, FMLFileResourcePack:Big Reactors, FMLFileResourcePack:Botania, FMLFileResourcePack:Brandon's Core, FMLFileResourcePack:BuildCraft, FMLFileResourcePack:BC Transport, FMLFileResourcePack:BC Factory, FMLFileResourcePack:BC Silicon, FMLFileResourcePack:BC Robotics, FMLFileResourcePack:BC Energy, FMLFileResourcePack:BC Builders, FMLFileResourcePack:CoFH Core, FMLFileResourcePack:Draconic Evolution, FMLFileResourcePack:Forestry for Minecraft, FMLFileResourcePack:GenDustry, FMLFileResourcePack:Hats, FMLFileResourcePack:iChunUtil, FMLFileResourcePack:Iguana Tinker Tweaks, FMLFileResourcePack:Immersive Engineering, FMLFileResourcePack:Inventory Tweaks, FMLFileResourcePack:JourneyMap, FMLFileResourcePack:Mantle, FMLFileResourcePack:Mekanism, FMLFileResourcePack:OpenComputers, FMLFileResourcePack:Railcraft, FMLFileResourcePack:RFTools, FMLFileResourcePack:Tinkers' Construct, FMLFileResourcePack:Thaumcraft, FMLFileResourcePack:Vein Miner, FMLFileResourcePack:Mod Support, FMLFileResourcePack:Baubles, FMLFileResourcePack:Forge Microblocks, FMLFileResourcePack:Forge Multipart, FMLFileResourcePack:Minecraft Multipart Plugin
[21:31:27] [Sound Library Loader/INFO]: Sound engine started
[21:31:41] [Client thread/INFO]: Created: 16x16 textures/blocks-atlas
[21:31:43] [Client thread/INFO]: Created: 16x16 textures/items-atlas
[21:31:56] [Client thread/INFO]: Created: 16x16 textures/revolvers-atlas
[21:32:38] [Client thread/INFO]: Reloading ResourceManager: Default, FMLFileResourcePack:Forge Mod Loader, FMLFileResourcePack:Minecraft Forge, FMLFileResourcePack:Not Enough Items, FMLFileResourcePack:Actually Additions, FMLFileResourcePack:Additional Pipes, FMLFileResourcePack:AgriCraft, FMLFileResourcePack:Aroma1997Core|Helper, FMLFileResourcePack:Aroma1997's Dimensional World, FMLFileResourcePack:BD Lib, FMLFileResourcePack:Big Reactors, FMLFileResourcePack:Botania, FMLFileResourcePack:Brandon's Core, FMLFileResourcePack:BuildCraft, FMLFileResourcePack:BC Transport, FMLFileResourcePack:BC Factory, FMLFileResourcePack:BC Silicon, FMLFileResourcePack:BC Robotics, FMLFileResourcePack:BC Energy, FMLFileResourcePack:BC Builders, FMLFileResourcePack:CoFH Core, FMLFileResourcePack:Draconic Evolution, FMLFileResourcePack:Forestry for Minecraft, FMLFileResourcePack:GenDustry, FMLFileResourcePack:Hats, FMLFileResourcePack:iChunUtil, FMLFileResourcePack:Iguana Tinker Tweaks, FMLFileResourcePack:Immersive Engineering, FMLFileResourcePack:Inventory Tweaks, FMLFileResourcePack:JourneyMap, FMLFileResourcePack:Mantle, FMLFileResourcePack:Mekanism, FMLFileResourcePack:OpenComputers, FMLFileResourcePack:Railcraft, FMLFileResourcePack:RFTools, FMLFileResourcePack:Tinkers' Construct, FMLFileResourcePack:Thaumcraft, FMLFileResourcePack:Vein Miner, FMLFileResourcePack:Mod Support, FMLFileResourcePack:Baubles, FMLFileResourcePack:Forge Microblocks, FMLFileResourcePack:Forge Multipart, FMLFileResourcePack:Minecraft Multipart Plugin, resources
[21:33:11] [Client thread/INFO]: Created: 2048x2048 textures/blocks-atlas
[21:33:15] [Client thread/INFO]: Created: 1024x1024 textures/revolvers-atlas
[21:33:29] [Client thread/INFO]: Created: 2048x1024 textures/items-atlas
[21:33:32] [Sound Library Loader/INFO]: Sound engine started
[21:35:51] [Server thread/INFO]: Starting integrated minecraft server version 1.7.10
[21:35:51] [Server thread/INFO]: Generating keypair
[21:35:52] [Server thread/INFO]: Converting map!
[21:35:52] [Server thread/INFO]: Scanning folders...
[21:35:52] [Server thread/INFO]: Total conversion count is 0
[21:35:57] [Server thread/INFO]: Preparing start region for level 0
[21:35:59] [Server thread/INFO]: Preparing spawn area: 4%
[21:36:01] [Server thread/INFO]: Preparing spawn area: 6%
[21:36:03] [Server thread/INFO]: Preparing spawn area: 7%
[21:36:04] [Server thread/INFO]: Preparing spawn area: 10%
[21:36:05] [Server thread/INFO]: Preparing spawn area: 14%
[21:36:06] [Server thread/INFO]: Preparing spawn area: 19%
[21:36:07] [Server thread/INFO]: Preparing spawn area: 25%
[21:36:08] [Server thread/INFO]: Preparing spawn area: 31%
[21:36:09] [Server thread/INFO]: Preparing spawn area: 37%
[21:36:10] [Server thread/INFO]: Preparing spawn area: 42%
[21:36:11] [Server thread/INFO]: Preparing spawn area: 49%
[21:36:12] [Server thread/INFO]: Preparing spawn area: 54%
[21:36:13] [Server thread/INFO]: Preparing spawn area: 61%
[21:36:14] [Server thread/INFO]: Preparing spawn area: 66%
[21:36:15] [Server thread/INFO]: Preparing spawn area: 72%
[21:36:16] [Server thread/INFO]: Preparing spawn area: 79%
[21:36:17] [Server thread/INFO]: Preparing spawn area: 86%
[21:36:18] [Server thread/INFO]: Preparing spawn area: 90%
[21:36:19] [Server thread/INFO]: Preparing spawn area: 94%
[21:36:20] [Server thread/INFO]: Preparing spawn area: 98%
[21:36:28] [Server thread/INFO]: Changing view distance to 2, from 10
[21:36:32] [Server thread/WARN]: Can't keep up! Did the system time change, or is the server overloaded? Running 3452ms behind, skipping 69 tick(s)
[21:36:57] [Server thread/INFO]: Stopping server
[21:36:57] [Server thread/INFO]: Saving players
[21:36:57] [Server thread/INFO]: Saving worlds
[21:36:57] [Server thread/INFO]: Saving chunks for level 'New World'/Overworld
[21:36:58] [Server thread/INFO]: Saving chunks for level 'New World'/Nether
[21:36:58] [Server thread/INFO]: Saving chunks for level 'New World'/The End
[21:36:58] [Server thread/INFO]: Saving chunks for level 'New World'/Mining World
[21:36:58] [Server thread/INFO]: Saving chunks for level 'New World'/The Outer Lands
[21:37:06] [Server thread/INFO]: Starting integrated minecraft server version 1.7.10
[21:37:06] [Server thread/INFO]: Generating keypair
[21:37:08] [Server thread/INFO]: Preparing start region for level 0
[21:37:09] [Server thread/INFO]: Preparing spawn area: 29%
[21:37:10] [Server thread/INFO]: Preparing spawn area: 70%
[21:37:11] [Server thread/INFO]: Changing view distance to 2, from 10
[21:37:13] [Server thread/INFO]: blackoutBarista[local:E:47821aae] logged in with entity id 2355 at (-236.5, 78.0, 220.5)
[21:37:13] [Server thread/INFO]: blackoutBarista joined the game
[21:37:20] [Server thread/WARN]: Can't keep up! Did the system time change, or is the server overloaded? Running 7574ms behind, skipping 151 tick(s)
[21:37:49] [Client thread/INFO]: [CHAT] §aOpenComputers§f: A new version is available: v1.7.5
[21:37:49] [Client thread/INFO]: [CHAT] Veinminer using client keybind. See mod config for details.
[21:37:49] [Client thread/INFO]: [CHAT] Veinminer client keybind set to activate on pressing the key.
[21:38:11] [Client thread/INFO]: [CHAT] InvTweaks: Configuration loaded.
[21:38:11] [Server thread/WARN]: Can't keep up! Did the system time change, or is the server overloaded? Running 8966ms behind, skipping 179 tick(s)
[21:38:32] [Client thread/INFO]: [CHAT] §eJourneyMap:§f Press [§bJ§f]
[21:38:33] [Server thread/INFO]: Saving and pausing game...
[21:38:34] [Server thread/INFO]: Saving chunks for level 'New World-'/Overworld
[21:38:35] [Server thread/INFO]: Saving chunks for level 'New World-'/Nether
[21:38:35] [Server thread/INFO]: Saving chunks for level 'New World-'/The End
[21:38:35] [Server thread/INFO]: Saving chunks for level 'New World-'/Mining World
[21:38:35] [Server thread/INFO]: Saving chunks for level 'New World-'/The Outer Lands
[21:38:35] [Server thread/WARN]: Can't keep up! Did the system time change, or is the server overloaded? Running 2184ms behind, skipping 43 tick(s)
[21:38:45] [Server thread/INFO]: blackoutBarista has just earned the achievement [Taking Inventory]
[21:38:46] [Client thread/INFO]: [CHAT] blackoutBarista has just earned the achievement [Taking Inventory]
[21:39:01] [Client thread/INFO]: [CHAT] §d[Draconic Evolution]§r New version available:
[21:39:01] [Client thread/INFO]: [CHAT] §aDraconic Evolution v1.0.2
[21:39:01] [Client thread/INFO]: [CHAT] More bug fixes! Hopefully fixed the chaos guardian issues once and for all...
[21:39:06] [Server thread/WARN]: Can't keep up! Did the system time change, or is the server overloaded? Running 2403ms behind, skipping 48 tick(s)
[21:39:23] [Client thread/INFO]: [CHAT] There is an Update for Actually Additions available!
[21:39:23] [Client thread/INFO]: [CHAT] Current Version: 1.7.10-r21, newest Version: 1.12.2-r150
[21:39:23] [Client thread/INFO]: [CHAT] [Click for Changelog] [Click for Download]
[21:40:08] [Server thread/INFO]: Saving and pausing game...
[21:40:08] [Server thread/INFO]: Saving chunks for level 'New World-'/Overworld
[21:40:09] [Server thread/INFO]: Saving chunks for level 'New World-'/Nether
[21:40:09] [Server thread/INFO]: Saving chunks for level 'New World-'/The End
[21:40:09] [Server thread/INFO]: Saving chunks for level 'New World-'/Mining World
[21:40:09] [Server thread/INFO]: Saving chunks for level 'New World-'/The Outer Lands
[21:40:11] [Server thread/INFO]: Stopping server
[21:40:11] [Server thread/INFO]: Saving players
[21:40:11] [Server thread/INFO]: Saving worlds
[21:40:11] [Server thread/INFO]: Saving chunks for level 'New World-'/Overworld
[21:40:11] [Server thread/INFO]: Saving chunks for level 'New World-'/Nether
[21:40:11] [Server thread/INFO]: Saving chunks for level 'New World-'/The End
[21:40:11] [Server thread/INFO]: Saving chunks for level 'New World-'/Mining World
[21:40:11] [Server thread/INFO]: Saving chunks for level 'New World-'/The Outer Lands
[21:41:39] [Client thread/INFO]: Stopping!
